<?xml version="1.0" encoding="UTF-8"?>
<!-- Generated by org.testng.reporters.JUnitReportReporter -->
<testsuite hostname="DESKTOP-2VVSUUT" failures="0" tests="10" name="excelTest.Exceldataprovider" time="0.300" errors="1" timestamp="25 Sep 2019 09:53:20 GMT" skipped="9">
  <testcase classname="excelTest.Exceldataprovider" name="testcase1" time="0.000">
    <skipped/>
  </testcase> <!-- testcase1 -->
  <testcase classname="excelTest.Exceldataprovider" name="testcase1" time="0.000">
    <skipped/>
  </testcase> <!-- testcase1 -->
  <testcase classname="excelTest.Exceldataprovider" name="testcase1" time="0.000">
    <skipped/>
  </testcase> <!-- testcase1 -->
  <testcase classname="excelTest.Exceldataprovider" name="testcase1" time="0.000">
    <skipped/>
  </testcase> <!-- testcase1 -->
  <testcase classname="excelTest.Exceldataprovider" name="testcase1" time="0.000">
    <skipped/>
  </testcase> <!-- testcase1 -->
  <testcase classname="excelTest.Exceldataprovider" name="entrydata" time="0.300">
    <error message="Cannot find firefox binary in PATH. Make sure firefox is installed. OS appears to be: WIN10
Build info: version: &#039;3.141.59&#039;, revision: &#039;e82be7d358&#039;, time: &#039;2018-11-14T08:25:48&#039;
System info: host: &#039;DESKTOP-2VVSUUT&#039;, ip: &#039;192.168.0.108&#039;, os.name: &#039;Windows 10&#039;, os.arch: &#039;amd64&#039;, os.version: &#039;10.0&#039;, java.version: &#039;12.0.2&#039;
Driver info: driver.version: FirefoxDriver" type="org.openqa.selenium.WebDriverException">
      <![CDATA[org.openqa.selenium.WebDriverException: Cannot find firefox binary in PATH. Make sure firefox is installed. OS appears to be: WIN10
Build info: version: '3.141.59', revision: 'e82be7d358', time: '2018-11-14T08:25:48'
System info: host: 'DESKTOP-2VVSUUT', ip: '192.168.0.108', os.name: 'Windows 10', os.arch: 'amd64', os.version: '10.0', java.version: '12.0.2'
Driver info: driver.version: FirefoxDriver
at org.openqa.selenium.firefox.FirefoxBinary.<init>(FirefoxBinary.java:100)
at java.base/java.util.Optional.orElseGet(Optional.java:369)
at org.openqa.selenium.firefox.FirefoxOptions.getBinary(FirefoxOptions.java:216)
at org.openqa.selenium.firefox.FirefoxDriver.toExecutor(FirefoxDriver.java:187)
at org.openqa.selenium.firefox.FirefoxDriver.<init>(FirefoxDriver.java:147)
at org.openqa.selenium.firefox.FirefoxDriver.<init>(FirefoxDriver.java:125)
at testselenium.DriverFactory.getDriverFor(DriverFactory.java:31)
at excelTest.Exceldataprovider.entrydata(Exceldataprovider.java:21)
at java.base/jdk.internal.reflect.NativeMethodAccessorImpl.invoke0(Native Method)
at java.base/jdk.internal.reflect.NativeMethodAccessorImpl.invoke(NativeMethodAccessorImpl.java:62)
at java.base/jdk.internal.reflect.DelegatingMethodAccessorImpl.invoke(DelegatingMethodAccessorImpl.java:43)
at java.base/java.lang.reflect.Method.invoke(Method.java:567)
at org.testng.internal.MethodInvocationHelper.invokeMethod(MethodInvocationHelper.java:124)
at org.testng.internal.MethodInvocationHelper.invokeMethodConsideringTimeout(MethodInvocationHelper.java:59)
at org.testng.internal.Invoker.invokeConfigurationMethod(Invoker.java:458)
at org.testng.internal.Invoker.invokeConfigurations(Invoker.java:222)
at org.testng.internal.Invoker.invokeConfigurations(Invoker.java:142)
at org.testng.TestRunner.beforeRun(TestRunner.java:529)
at org.testng.TestRunner.run(TestRunner.java:497)
at org.testng.SuiteRunner.runTest(SuiteRunner.java:455)
at org.testng.SuiteRunner.runSequentially(SuiteRunner.java:450)
at org.testng.SuiteRunner.privateRun(SuiteRunner.java:415)
at org.testng.SuiteRunner.run(SuiteRunner.java:364)
at org.testng.SuiteRunnerWorker.runSuite(SuiteRunnerWorker.java:52)
at org.testng.SuiteRunnerWorker.run(SuiteRunnerWorker.java:84)
at org.testng.TestNG.runSuitesSequentially(TestNG.java:1208)
at org.testng.TestNG.runSuitesLocally(TestNG.java:1137)
at org.testng.TestNG.runSuites(TestNG.java:1049)
at org.testng.TestNG.run(TestNG.java:1017)
at org.testng.remote.AbstractRemoteTestNG.run(AbstractRemoteTestNG.java:115)
at org.testng.remote.RemoteTestNG.initAndRun(RemoteTestNG.java:251)
at org.testng.remote.RemoteTestNG.main(RemoteTestNG.java:77)
]]>
    </error>
  </testcase> <!-- entrydata -->
  <testcase classname="excelTest.Exceldataprovider" name="testcase1" time="0.000">
    <skipped/>
  </testcase> <!-- testcase1 -->
  <testcase classname="excelTest.Exceldataprovider" name="testcase1" time="0.000">
    <skipped/>
  </testcase> <!-- testcase1 -->
  <testcase classname="excelTest.Exceldataprovider" name="testcase1" time="0.000">
    <skipped/>
  </testcase> <!-- testcase1 -->
  <testcase classname="excelTest.Exceldataprovider" name="testcase1" time="0.000">
    <skipped/>
  </testcase> <!-- testcase1 -->
</testsuite> <!-- excelTest.Exceldataprovider -->
