<?xml version="1.0" encoding="UTF-8"?>
<!-- Generated by org.testng.reporters.JUnitReportReporter -->
<testsuite hostname="DESKTOP-2VVSUUT" failures="0" tests="4" name="TestNgbasics.MultibrowserDemoTESTNG" time="17.172" errors="2" timestamp="24 Nov 2019 07:22:30 GMT" skipped="2">
  <testcase classname="TestNgbasics.MultibrowserDemoTESTNG" name="test1" time="0.000">
    <skipped/>
  </testcase> <!-- test1 -->
  <testcase classname="TestNgbasics.MultibrowserDemoTESTNG" name="setup" time="8.702">
    <error message="session not created: This version of ChromeDriver only supports Chrome version 76
Build info: version: &#039;3.141.59&#039;, revision: &#039;e82be7d358&#039;, time: &#039;2018-11-14T08:25:48&#039;
System info: host: &#039;DESKTOP-2VVSUUT&#039;, ip: &#039;192.168.0.114&#039;, os.name: &#039;Windows 10&#039;, os.arch: &#039;amd64&#039;, os.version: &#039;10.0&#039;, java.version: &#039;12.0.2&#039;
Driver info: driver.version: ChromeDriver
remote stacktrace: Backtrace:
	Ordinal0 [0x00867C53+1473619]
	Ordinal0 [0x007EAD71+961905]
	Ordinal0 [0x007742B3+475827]
	Ordinal0 [0x0070F365+62309]
	Ordinal0 [0x0070BC77+48247]
	Ordinal0 [0x00729149+168265]
	Ordinal0 [0x00728D1D+167197]
	Ordinal0 [0x0072742B+160811]
	Ordinal0 [0x00710AE6+68326]
	Ordinal0 [0x00711BF0+72688]
	Ordinal0 [0x00711B89+72585]
	Ordinal0 [0x00804B37+1067831]
	GetHandleVerifier [0x00906845+506677]
	GetHandleVerifier [0x009065E0+506064]
	GetHandleVerifier [0x0090D188+533624]
	GetHandleVerifier [0x0090701A+508682]
	Ordinal0 [0x007FC226+1032742]
	Ordinal0 [0x007FC09F+1032351]
	Ordinal0 [0x00806A4B+1075787]
	Ordinal0 [0x00806BB3+1076147]
	Ordinal0 [0x00805B65+1071973]
	BaseThreadInitThunk [0x76406359+25]
	RtlGetAppContainerNamedObjectPath [0x77977A94+228]
	RtlGetAppContainerNamedObjectPath [0x77977A64+180]
" type="org.openqa.selenium.SessionNotCreatedException">
      <![CDATA[org.openqa.selenium.SessionNotCreatedException: session not created: This version of ChromeDriver only supports Chrome version 76
Build info: version: '3.141.59', revision: 'e82be7d358', time: '2018-11-14T08:25:48'
System info: host: 'DESKTOP-2VVSUUT', ip: '192.168.0.114', os.name: 'Windows 10', os.arch: 'amd64', os.version: '10.0', java.version: '12.0.2'
Driver info: driver.version: ChromeDriver
remote stacktrace: Backtrace:
Ordinal0 [0x00867C53+1473619]
Ordinal0 [0x007EAD71+961905]
Ordinal0 [0x007742B3+475827]
Ordinal0 [0x0070F365+62309]
Ordinal0 [0x0070BC77+48247]
Ordinal0 [0x00729149+168265]
Ordinal0 [0x00728D1D+167197]
Ordinal0 [0x0072742B+160811]
Ordinal0 [0x00710AE6+68326]
Ordinal0 [0x00711BF0+72688]
Ordinal0 [0x00711B89+72585]
Ordinal0 [0x00804B37+1067831]
GetHandleVerifier [0x00906845+506677]
GetHandleVerifier [0x009065E0+506064]
GetHandleVerifier [0x0090D188+533624]
GetHandleVerifier [0x0090701A+508682]
Ordinal0 [0x007FC226+1032742]
Ordinal0 [0x007FC09F+1032351]
Ordinal0 [0x00806A4B+1075787]
Ordinal0 [0x00806BB3+1076147]
Ordinal0 [0x00805B65+1071973]
BaseThreadInitThunk [0x76406359+25]
RtlGetAppContainerNamedObjectPath [0x77977A94+228]
RtlGetAppContainerNamedObjectPath [0x77977A64+180]

at java.base/jdk.internal.reflect.NativeConstructorAccessorImpl.newInstance0(Native Method)
at java.base/jdk.internal.reflect.NativeConstructorAccessorImpl.newInstance(NativeConstructorAccessorImpl.java:62)
at java.base/jdk.internal.reflect.DelegatingConstructorAccessorImpl.newInstance(DelegatingConstructorAccessorImpl.java:45)
at java.base/java.lang.reflect.Constructor.newInstanceWithCaller(Constructor.java:500)
at java.base/java.lang.reflect.Constructor.newInstance(Constructor.java:481)
at org.openqa.selenium.remote.W3CHandshakeResponse.lambda$errorHandler$0(W3CHandshakeResponse.java:62)
at org.openqa.selenium.remote.HandshakeResponse.lambda$getResponseFunction$0(HandshakeResponse.java:30)
at org.openqa.selenium.remote.ProtocolHandshake.lambda$createSession$0(ProtocolHandshake.java:126)
at java.base/java.util.stream.ReferencePipeline$3$1.accept(ReferencePipeline.java:195)
at java.base/java.util.Spliterators$ArraySpliterator.tryAdvance(Spliterators.java:958)
at java.base/java.util.stream.ReferencePipeline.forEachWithCancel(ReferencePipeline.java:127)
at java.base/java.util.stream.AbstractPipeline.copyIntoWithCancel(AbstractPipeline.java:502)
at java.base/java.util.stream.AbstractPipeline.copyInto(AbstractPipeline.java:488)
at java.base/java.util.stream.AbstractPipeline.wrapAndCopyInto(AbstractPipeline.java:474)
at java.base/java.util.stream.FindOps$FindOp.evaluateSequential(FindOps.java:150)
at java.base/java.util.stream.AbstractPipeline.evaluate(AbstractPipeline.java:234)
at java.base/java.util.stream.ReferencePipeline.findFirst(ReferencePipeline.java:543)
at org.openqa.selenium.remote.ProtocolHandshake.createSession(ProtocolHandshake.java:128)
at org.openqa.selenium.remote.ProtocolHandshake.createSession(ProtocolHandshake.java:74)
at org.openqa.selenium.remote.HttpCommandExecutor.execute(HttpCommandExecutor.java:136)
at org.openqa.selenium.remote.service.DriverCommandExecutor.execute(DriverCommandExecutor.java:83)
at org.openqa.selenium.remote.RemoteWebDriver.execute(RemoteWebDriver.java:552)
at org.openqa.selenium.remote.RemoteWebDriver.startSession(RemoteWebDriver.java:213)
at org.openqa.selenium.remote.RemoteWebDriver.<init>(RemoteWebDriver.java:131)
at org.openqa.selenium.chrome.ChromeDriver.<init>(ChromeDriver.java:181)
at org.openqa.selenium.chrome.ChromeDriver.<init>(ChromeDriver.java:168)
at org.openqa.selenium.chrome.ChromeDriver.<init>(ChromeDriver.java:123)
at TestNgbasics.MultibrowserDemoTESTNG.setup(MultibrowserDemoTESTNG.java:23)
at java.base/jdk.internal.reflect.NativeMethodAccessorImpl.invoke0(Native Method)
at java.base/jdk.internal.reflect.NativeMethodAccessorImpl.invoke(NativeMethodAccessorImpl.java:62)
at java.base/jdk.internal.reflect.DelegatingMethodAccessorImpl.invoke(DelegatingMethodAccessorImpl.java:43)
at java.base/java.lang.reflect.Method.invoke(Method.java:567)
at org.testng.internal.MethodInvocationHelper.invokeMethod(MethodInvocationHelper.java:124)
at org.testng.internal.MethodInvocationHelper.invokeMethodConsideringTimeout(MethodInvocationHelper.java:59)
at org.testng.internal.Invoker.invokeConfigurationMethod(Invoker.java:458)
at org.testng.internal.Invoker.invokeConfigurations(Invoker.java:222)
at org.testng.internal.Invoker.invokeConfigurations(Invoker.java:142)
at org.testng.TestRunner.beforeRun(TestRunner.java:529)
at org.testng.TestRunner.run(TestRunner.java:497)
at org.testng.SuiteRunner.runTest(SuiteRunner.java:455)
at org.testng.SuiteRunner.access$000(SuiteRunner.java:40)
at org.testng.SuiteRunner$SuiteWorker.run(SuiteRunner.java:489)
at org.testng.internal.thread.ThreadUtil$1.call(ThreadUtil.java:52)
at java.base/java.util.concurrent.FutureTask.run(FutureTask.java:264)
at java.base/java.util.concurrent.ThreadPoolExecutor.runWorker(ThreadPoolExecutor.java:1128)
at java.base/java.util.concurrent.ThreadPoolExecutor$Worker.run(ThreadPoolExecutor.java:628)
at java.base/java.lang.Thread.run(Thread.java:835)
]]>
    </error>
  </testcase> <!-- setup -->
  <testcase classname="TestNgbasics.MultibrowserDemoTESTNG" name="setup" time="8.470">
    <error message="session not created: This version of ChromeDriver only supports Chrome version 76
Build info: version: &#039;3.141.59&#039;, revision: &#039;e82be7d358&#039;, time: &#039;2018-11-14T08:25:48&#039;
System info: host: &#039;DESKTOP-2VVSUUT&#039;, ip: &#039;192.168.0.114&#039;, os.name: &#039;Windows 10&#039;, os.arch: &#039;amd64&#039;, os.version: &#039;10.0&#039;, java.version: &#039;12.0.2&#039;
Driver info: driver.version: ChromeDriver
remote stacktrace: Backtrace:
	Ordinal0 [0x00867C53+1473619]
	Ordinal0 [0x007EAD71+961905]
	Ordinal0 [0x007742B3+475827]
	Ordinal0 [0x0070F365+62309]
	Ordinal0 [0x0070BC77+48247]
	Ordinal0 [0x00729149+168265]
	Ordinal0 [0x00728D1D+167197]
	Ordinal0 [0x0072742B+160811]
	Ordinal0 [0x00710AE6+68326]
	Ordinal0 [0x00711BF0+72688]
	Ordinal0 [0x00711B89+72585]
	Ordinal0 [0x00804B37+1067831]
	GetHandleVerifier [0x00906845+506677]
	GetHandleVerifier [0x009065E0+506064]
	GetHandleVerifier [0x0090D188+533624]
	GetHandleVerifier [0x0090701A+508682]
	Ordinal0 [0x007FC226+1032742]
	Ordinal0 [0x007FC09F+1032351]
	Ordinal0 [0x00806A4B+1075787]
	Ordinal0 [0x00806BB3+1076147]
	Ordinal0 [0x00805B65+1071973]
	BaseThreadInitThunk [0x76406359+25]
	RtlGetAppContainerNamedObjectPath [0x77977A94+228]
	RtlGetAppContainerNamedObjectPath [0x77977A64+180]
" type="org.openqa.selenium.SessionNotCreatedException">
      <![CDATA[org.openqa.selenium.SessionNotCreatedException: session not created: This version of ChromeDriver only supports Chrome version 76
Build info: version: '3.141.59', revision: 'e82be7d358', time: '2018-11-14T08:25:48'
System info: host: 'DESKTOP-2VVSUUT', ip: '192.168.0.114', os.name: 'Windows 10', os.arch: 'amd64', os.version: '10.0', java.version: '12.0.2'
Driver info: driver.version: ChromeDriver
remote stacktrace: Backtrace:
Ordinal0 [0x00867C53+1473619]
Ordinal0 [0x007EAD71+961905]
Ordinal0 [0x007742B3+475827]
Ordinal0 [0x0070F365+62309]
Ordinal0 [0x0070BC77+48247]
Ordinal0 [0x00729149+168265]
Ordinal0 [0x00728D1D+167197]
Ordinal0 [0x0072742B+160811]
Ordinal0 [0x00710AE6+68326]
Ordinal0 [0x00711BF0+72688]
Ordinal0 [0x00711B89+72585]
Ordinal0 [0x00804B37+1067831]
GetHandleVerifier [0x00906845+506677]
GetHandleVerifier [0x009065E0+506064]
GetHandleVerifier [0x0090D188+533624]
GetHandleVerifier [0x0090701A+508682]
Ordinal0 [0x007FC226+1032742]
Ordinal0 [0x007FC09F+1032351]
Ordinal0 [0x00806A4B+1075787]
Ordinal0 [0x00806BB3+1076147]
Ordinal0 [0x00805B65+1071973]
BaseThreadInitThunk [0x76406359+25]
RtlGetAppContainerNamedObjectPath [0x77977A94+228]
RtlGetAppContainerNamedObjectPath [0x77977A64+180]

at java.base/jdk.internal.reflect.NativeConstructorAccessorImpl.newInstance0(Native Method)
at java.base/jdk.internal.reflect.NativeConstructorAccessorImpl.newInstance(NativeConstructorAccessorImpl.java:62)
at java.base/jdk.internal.reflect.DelegatingConstructorAccessorImpl.newInstance(DelegatingConstructorAccessorImpl.java:45)
at java.base/java.lang.reflect.Constructor.newInstanceWithCaller(Constructor.java:500)
at java.base/java.lang.reflect.Constructor.newInstance(Constructor.java:481)
at org.openqa.selenium.remote.W3CHandshakeResponse.lambda$errorHandler$0(W3CHandshakeResponse.java:62)
at org.openqa.selenium.remote.HandshakeResponse.lambda$getResponseFunction$0(HandshakeResponse.java:30)
at org.openqa.selenium.remote.ProtocolHandshake.lambda$createSession$0(ProtocolHandshake.java:126)
at java.base/java.util.stream.ReferencePipeline$3$1.accept(ReferencePipeline.java:195)
at java.base/java.util.Spliterators$ArraySpliterator.tryAdvance(Spliterators.java:958)
at java.base/java.util.stream.ReferencePipeline.forEachWithCancel(ReferencePipeline.java:127)
at java.base/java.util.stream.AbstractPipeline.copyIntoWithCancel(AbstractPipeline.java:502)
at java.base/java.util.stream.AbstractPipeline.copyInto(AbstractPipeline.java:488)
at java.base/java.util.stream.AbstractPipeline.wrapAndCopyInto(AbstractPipeline.java:474)
at java.base/java.util.stream.FindOps$FindOp.evaluateSequential(FindOps.java:150)
at java.base/java.util.stream.AbstractPipeline.evaluate(AbstractPipeline.java:234)
at java.base/java.util.stream.ReferencePipeline.findFirst(ReferencePipeline.java:543)
at org.openqa.selenium.remote.ProtocolHandshake.createSession(ProtocolHandshake.java:128)
at org.openqa.selenium.remote.ProtocolHandshake.createSession(ProtocolHandshake.java:74)
at org.openqa.selenium.remote.HttpCommandExecutor.execute(HttpCommandExecutor.java:136)
at org.openqa.selenium.remote.service.DriverCommandExecutor.execute(DriverCommandExecutor.java:83)
at org.openqa.selenium.remote.RemoteWebDriver.execute(RemoteWebDriver.java:552)
at org.openqa.selenium.remote.RemoteWebDriver.startSession(RemoteWebDriver.java:213)
at org.openqa.selenium.remote.RemoteWebDriver.<init>(RemoteWebDriver.java:131)
at org.openqa.selenium.chrome.ChromeDriver.<init>(ChromeDriver.java:181)
at org.openqa.selenium.chrome.ChromeDriver.<init>(ChromeDriver.java:168)
at org.openqa.selenium.chrome.ChromeDriver.<init>(ChromeDriver.java:123)
at TestNgbasics.MultibrowserDemoTESTNG.setup(MultibrowserDemoTESTNG.java:23)
at java.base/jdk.internal.reflect.NativeMethodAccessorImpl.invoke0(Native Method)
at java.base/jdk.internal.reflect.NativeMethodAccessorImpl.invoke(NativeMethodAccessorImpl.java:62)
at java.base/jdk.internal.reflect.DelegatingMethodAccessorImpl.invoke(DelegatingMethodAccessorImpl.java:43)
at java.base/java.lang.reflect.Method.invoke(Method.java:567)
at org.testng.internal.MethodInvocationHelper.invokeMethod(MethodInvocationHelper.java:124)
at org.testng.internal.MethodInvocationHelper.invokeMethodConsideringTimeout(MethodInvocationHelper.java:59)
at org.testng.internal.Invoker.invokeConfigurationMethod(Invoker.java:458)
at org.testng.internal.Invoker.invokeConfigurations(Invoker.java:222)
at org.testng.internal.Invoker.invokeConfigurations(Invoker.java:142)
at org.testng.TestRunner.beforeRun(TestRunner.java:529)
at org.testng.TestRunner.run(TestRunner.java:497)
at org.testng.SuiteRunner.runTest(SuiteRunner.java:455)
at org.testng.SuiteRunner.access$000(SuiteRunner.java:40)
at org.testng.SuiteRunner$SuiteWorker.run(SuiteRunner.java:489)
at org.testng.internal.thread.ThreadUtil$1.call(ThreadUtil.java:52)
at java.base/java.util.concurrent.FutureTask.run(FutureTask.java:264)
at java.base/java.util.concurrent.ThreadPoolExecutor.runWorker(ThreadPoolExecutor.java:1128)
at java.base/java.util.concurrent.ThreadPoolExecutor$Worker.run(ThreadPoolExecutor.java:628)
at java.base/java.lang.Thread.run(Thread.java:835)
]]>
    </error>
  </testcase> <!-- setup -->
  <testcase classname="TestNgbasics.MultibrowserDemoTESTNG" name="test1" time="0.000">
    <skipped/>
  </testcase> <!-- test1 -->
</testsuite> <!-- TestNgbasics.MultibrowserDemoTESTNG -->
