<?xml version="1.0" encoding="UTF-8"?>
<!-- Generated by org.testng.reporters.JUnitXMLReporter -->
<testsuite ignored="0" hostname="DESKTOP-2VVSUUT" failures="0" tests="1" name="Test2" time="8.682" errors="0" timestamp="24 Nov 2019 07:22:29 GMT">
  <testcase classname="TestNgbasics.MultibrowserDemoTESTNG" name="@BeforeTest setup" time="8.47">
    <failure type="org.openqa.selenium.SessionNotCreatedException" message="session not created: This version of ChromeDriver only supports Chrome version 76
Build info: version: &amp;apos;3.141.59&amp;apos;, revision: &amp;apos;e82be7d358&amp;apos;, time: &amp;apos;2018-11-14T08:25:48&amp;apos;
System info: host: &amp;apos;DESKTOP-2VVSUUT&amp;apos;, ip: &amp;apos;192.168.0.114&amp;apos;, os.name: &amp;apos;Windows 10&amp;apos;, os.arch: &amp;apos;amd64&amp;apos;, os.version: &amp;apos;10.0&amp;apos;, java.version: &amp;apos;12.0.2&amp;apos;
Driver info: driver.version: ChromeDriver
remote stacktrace: Backtrace:
	Ordinal0 [0x00867C53+1473619]
	Ordinal0 [0x007EAD71+961905]
	Ordinal0 [0x007742B3+475827]
	Ordinal0 [0x0070F365+62309]
	Ordinal0 [0x0070BC77+48247]
	Ordinal0 [0x00729149+168265]
	Ordinal0 [0x00728D1D+167197]
	Ordinal0 [0x0072742B+160811]
	Ordinal0 [0x00710AE6+68326]
	Ordinal0 [0x00711BF0+72688]
	Ordinal0 [0x00711B89+72585]
	Ordinal0 [0x00804B37+1067831]
	GetHandleVerifier [0x00906845+506677]
	GetHandleVerifier [0x009065E0+506064]
	GetHandleVerifier [0x0090D188+533624]
	GetHandleVerifier [0x0090701A+508682]
	Ordinal0 [0x007FC226+1032742]
	Ordinal0 [0x007FC09F+1032351]
	Ordinal0 [0x00806A4B+1075787]
	Ordinal0 [0x00806BB3+1076147]
	Ordinal0 [0x00805B65+1071973]
	BaseThreadInitThunk [0x76406359+25]
	RtlGetAppContainerNamedObjectPath [0x77977A94+228]
	RtlGetAppContainerNamedObjectPath [0x77977A64+180]
">
      <![CDATA[org.openqa.selenium.SessionNotCreatedException: session not created: This version of ChromeDriver only supports Chrome version 76
Build info: version: '3.141.59', revision: 'e82be7d358', time: '2018-11-14T08:25:48'
System info: host: 'DESKTOP-2VVSUUT', ip: '192.168.0.114', os.name: 'Windows 10', os.arch: 'amd64', os.version: '10.0', java.version: '12.0.2'
Driver info: driver.version: ChromeDriver
remote stacktrace: Backtrace:
Ordinal0 [0x00867C53+1473619]
Ordinal0 [0x007EAD71+961905]
Ordinal0 [0x007742B3+475827]
Ordinal0 [0x0070F365+62309]
Ordinal0 [0x0070BC77+48247]
Ordinal0 [0x00729149+168265]
Ordinal0 [0x00728D1D+167197]
Ordinal0 [0x0072742B+160811]
Ordinal0 [0x00710AE6+68326]
Ordinal0 [0x00711BF0+72688]
Ordinal0 [0x00711B89+72585]
Ordinal0 [0x00804B37+1067831]
GetHandleVerifier [0x00906845+506677]
GetHandleVerifier [0x009065E0+506064]
GetHandleVerifier [0x0090D188+533624]
GetHandleVerifier [0x0090701A+508682]
Ordinal0 [0x007FC226+1032742]
Ordinal0 [0x007FC09F+1032351]
Ordinal0 [0x00806A4B+1075787]
Ordinal0 [0x00806BB3+1076147]
Ordinal0 [0x00805B65+1071973]
BaseThreadInitThunk [0x76406359+25]
RtlGetAppContainerNamedObjectPath [0x77977A94+228]
RtlGetAppContainerNamedObjectPath [0x77977A64+180]

at org.openqa.selenium.remote.W3CHandshakeResponse.lambda$errorHandler$0(W3CHandshakeResponse.java:62)
at org.openqa.selenium.remote.HandshakeResponse.lambda$getResponseFunction$0(HandshakeResponse.java:30)
at org.openqa.selenium.remote.ProtocolHandshake.lambda$createSession$0(ProtocolHandshake.java:126)
at java.base/java.util.stream.ReferencePipeline$3$1.accept(ReferencePipeline.java:195)
at java.base/java.util.Spliterators$ArraySpliterator.tryAdvance(Spliterators.java:958)
at java.base/java.util.stream.ReferencePipeline.forEachWithCancel(ReferencePipeline.java:127)
at java.base/java.util.stream.AbstractPipeline.copyIntoWithCancel(AbstractPipeline.java:502)
at java.base/java.util.stream.AbstractPipeline.copyInto(AbstractPipeline.java:488)
at java.base/java.util.stream.AbstractPipeline.wrapAndCopyInto(AbstractPipeline.java:474)
at java.base/java.util.stream.FindOps$FindOp.evaluateSequential(FindOps.java:150)
at java.base/java.util.stream.AbstractPipeline.evaluate(AbstractPipeline.java:234)
at java.base/java.util.stream.ReferencePipeline.findFirst(ReferencePipeline.java:543)
at org.openqa.selenium.remote.ProtocolHandshake.createSession(ProtocolHandshake.java:128)
at org.openqa.selenium.remote.ProtocolHandshake.createSession(ProtocolHandshake.java:74)
at org.openqa.selenium.remote.HttpCommandExecutor.execute(HttpCommandExecutor.java:136)
at org.openqa.selenium.remote.service.DriverCommandExecutor.execute(DriverCommandExecutor.java:83)
at org.openqa.selenium.remote.RemoteWebDriver.execute(RemoteWebDriver.java:552)
at org.openqa.selenium.remote.RemoteWebDriver.startSession(RemoteWebDriver.java:213)
at org.openqa.selenium.remote.RemoteWebDriver.<init>(RemoteWebDriver.java:131)
at org.openqa.selenium.chrome.ChromeDriver.<init>(ChromeDriver.java:181)
at org.openqa.selenium.chrome.ChromeDriver.<init>(ChromeDriver.java:168)
at org.openqa.selenium.chrome.ChromeDriver.<init>(ChromeDriver.java:123)
at TestNgbasics.MultibrowserDemoTESTNG.setup(MultibrowserDemoTESTNG.java:23)
at java.base/java.util.concurrent.FutureTask.run(FutureTask.java:264)
at java.base/java.util.concurrent.ThreadPoolExecutor.runWorker(ThreadPoolExecutor.java:1128)
at java.base/java.util.concurrent.ThreadPoolExecutor$Worker.run(ThreadPoolExecutor.java:628)
at java.base/java.lang.Thread.run(Thread.java:835)
... Removed 20 stack frames]]>
    </failure>
  </testcase> <!-- @BeforeTest setup -->
  <testcase classname="TestNgbasics.MultibrowserDemoTESTNG" name="@AfterTest closebrowser" time="0.0">
    <skipped/>
  </testcase> <!-- @AfterTest closebrowser -->
  <testcase classname="TestNgbasics.MultibrowserDemoTESTNG" name="test1" time="0.0">
    <skipped/>
  </testcase> <!-- test1 -->
</testsuite> <!-- Test2 -->
